<?xml version="1.0" encoding="utf-8" standalone="no"?>
<test-run id="2" testcasecount="27" result="Failed" total="27" passed="3" failed="24" inconclusive="0" skipped="0" asserts="3" engine-version="3.8.0.0" clr-version="4.0.30319.42000" start-time="2018-09-07 13:51:08Z" end-time="2018-09-07 13:51:13Z" duration="5.375859">
  <command-line><![CDATA["C:\Program Files (x86)\Jenkins\workspace\ProjectManager\NUnit.ConsoleRunner.3.8.0\tools\nunit3-console.exe"  "C:\Program Files (x86)\Jenkins\workspace\ProjectManager\ProjectManager.WebApi.Tests\bin\Debug\ProjectManager.WebApi.Tests.dll"]]></command-line>
  <test-suite type="Assembly" id="0-1032" name="ProjectManager.WebApi.Tests.dll" fullname="C:\Program Files (x86)\Jenkins\workspace\ProjectManager\ProjectManager.WebApi.Tests\bin\Debug\ProjectManager.WebApi.Tests.dll" runstate="Runnable" testcasecount="27" result="Failed" site="Child" start-time="2018-09-07 13:51:10Z" end-time="2018-09-07 13:51:13Z" duration="3.786606" total="27" passed="3" failed="24" warnings="0" inconclusive="0" skipped="0" asserts="3">
    <environment framework-version="3.10.1.0" clr-version="4.0.30319.42000" os-version="Microsoft Windows NT 10.0.17134.0" platform="Win32NT" cwd="C:\Users\Admin\ProjectManager\ProjectManager.WebApi.Tests" machine-name="DOTNET" user="Admin" user-domain="DOTNET" culture="en-IN" uiculture="en-US" os-architecture="x64" />
    <settings>
      <setting name="DisposeRunners" value="True" />
      <setting name="WorkDirectory" value="C:\Users\Admin\ProjectManager\ProjectManager.WebApi.Tests" />
      <setting name="ImageRuntimeVersion" value="4.0.30319" />
      <setting name="ImageTargetFrameworkName" value=".NETFramework,Version=v4.5.2" />
      <setting name="ImageRequiresX86" value="False" />
      <setting name="ImageRequiresDefaultAppDomainAssemblyResolver" value="False" />
      <setting name="NumberOfTestWorkers" value="3" />
    </settings>
    <properties>
      <property name="_PID" value="16272" />
      <property name="_APPDOMAIN" value="domain-" />
    </properties>
    <failure>
      <message><![CDATA[One or more child tests had errors]]></message>
    </failure>
    <test-suite type="TestSuite" id="0-1033" name="ProjectManager" fullname="ProjectManager" runstate="Runnable" testcasecount="27" result="Failed" site="Child" start-time="2018-09-07 13:51:10Z" end-time="2018-09-07 13:51:13Z" duration="3.736409" total="27" passed="3" failed="24" warnings="0" inconclusive="0" skipped="0" asserts="3">
      <failure>
        <message><![CDATA[One or more child tests had errors]]></message>
      </failure>
      <test-suite type="TestSuite" id="0-1034" name="WebApi" fullname="ProjectManager.WebApi" runstate="Runnable" testcasecount="27" result="Failed" site="Child" start-time="2018-09-07 13:51:10Z" end-time="2018-09-07 13:51:13Z" duration="3.735408" total="27" passed="3" failed="24" warnings="0" inconclusive="0" skipped="0" asserts="3">
        <failure>
          <message><![CDATA[One or more child tests had errors]]></message>
        </failure>
        <test-suite type="TestSuite" id="0-1035" name="Tests" fullname="ProjectManager.WebApi.Tests" runstate="Runnable" testcasecount="27" result="Failed" site="Child" start-time="2018-09-07 13:51:10Z" end-time="2018-09-07 13:51:13Z" duration="3.735346" total="27" passed="3" failed="24" warnings="0" inconclusive="0" skipped="0" asserts="3">
          <failure>
            <message><![CDATA[One or more child tests had errors]]></message>
          </failure>
          <test-suite type="TestSuite" id="0-1037" name="Controller" fullname="ProjectManager.WebApi.Tests.Controller" runstate="Runnable" testcasecount="24" result="Failed" site="Child" start-time="2018-09-07 13:51:10Z" end-time="2018-09-07 13:51:10Z" duration="0.255068" total="24" passed="0" failed="24" warnings="0" inconclusive="0" skipped="0" asserts="0">
            <failure>
              <message><![CDATA[One or more child tests had errors]]></message>
            </failure>
            <test-suite type="TestFixture" id="0-1018" name="ParentTaskServiceTest" fullname="ProjectManager.WebApi.Tests.Controller.ParentTaskServiceTest" classname="ProjectManager.WebApi.Tests.Controller.ParentTaskServiceTest" runstate="Runnable" testcasecount="6" result="Failed" site="Child" start-time="2018-09-07 13:51:10Z" end-time="2018-09-07 13:51:10Z" duration="0.212010" total="6" passed="0" failed="6" warnings="0" inconclusive="0" skipped="0" asserts="0">
              <failure>
                <message><![CDATA[One or more child tests had errors]]></message>
              </failure>
              <test-case id="0-1019" name="GetAllParentTask" fullname="ProjectManager.WebApi.Tests.Controller.ParentTaskServiceTest.GetAllParentTask" methodname="GetAllParentTask" classname="ProjectManager.WebApi.Tests.Controller.ParentTaskServiceTest" runstate="Runnable" seed="598544973" result="Failed" label="Error" start-time="2018-09-07 13:51:10Z" end-time="2018-09-07 13:51:10Z" duration="0.157839" asserts="0">
                <properties>
                  <property name="Order" value="1" />
                </properties>
                <failure>
                  <message><![CDATA[System.IO.FileNotFoundException : Could not load file or assembly 'Moq, Version=4.9.0.0, Culture=neutral, PublicKeyToken=69f491c39445e920' or one of its dependencies. The system cannot find the file specified.]]></message>
                  <stack-trace><![CDATA[   at ProjectManager.WebApi.Tests.Controller.ParentTaskServiceTest.Setup()]]></stack-trace>
                </failure>
              </test-case>
              <test-case id="0-1020" name="PostParentTask" fullname="ProjectManager.WebApi.Tests.Controller.ParentTaskServiceTest.PostParentTask" methodname="PostParentTask" classname="ProjectManager.WebApi.Tests.Controller.ParentTaskServiceTest" runstate="Runnable" seed="1439484426" result="Failed" label="Error" start-time="2018-09-07 13:51:10Z" end-time="2018-09-07 13:51:10Z" duration="0.001435" asserts="0">
                <properties>
                  <property name="Order" value="2" />
                </properties>
                <failure>
                  <message><![CDATA[System.IO.FileNotFoundException : Could not load file or assembly 'Moq, Version=4.9.0.0, Culture=neutral, PublicKeyToken=69f491c39445e920' or one of its dependencies. The system cannot find the file specified.]]></message>
                  <stack-trace><![CDATA[   at ProjectManager.WebApi.Tests.Controller.ParentTaskServiceTest.Setup()]]></stack-trace>
                </failure>
              </test-case>
              <test-case id="0-1022" name="GetParentTaskByParentTaskIdNotFound" fullname="ProjectManager.WebApi.Tests.Controller.ParentTaskServiceTest.GetParentTaskByParentTaskIdNotFound" methodname="GetParentTaskByParentTaskIdNotFound" classname="ProjectManager.WebApi.Tests.Controller.ParentTaskServiceTest" runstate="Runnable" seed="1779864308" result="Failed" label="Error" start-time="2018-09-07 13:51:10Z" end-time="2018-09-07 13:51:10Z" duration="0.001141" asserts="0">
                <properties>
                  <property name="Order" value="3" />
                </properties>
                <failure>
                  <message><![CDATA[System.IO.FileNotFoundException : Could not load file or assembly 'Moq, Version=4.9.0.0, Culture=neutral, PublicKeyToken=69f491c39445e920' or one of its dependencies. The system cannot find the file specified.]]></message>
                  <stack-trace><![CDATA[   at ProjectManager.WebApi.Tests.Controller.ParentTaskServiceTest.Setup()]]></stack-trace>
                </failure>
              </test-case>
              <test-case id="0-1021" name="GetParentTaskByParentTaskId" fullname="ProjectManager.WebApi.Tests.Controller.ParentTaskServiceTest.GetParentTaskByParentTaskId" methodname="GetParentTaskByParentTaskId" classname="ProjectManager.WebApi.Tests.Controller.ParentTaskServiceTest" runstate="Runnable" seed="1363098556" result="Failed" label="Error" start-time="2018-09-07 13:51:10Z" end-time="2018-09-07 13:51:10Z" duration="0.001058" asserts="0">
                <properties>
                  <property name="Order" value="3" />
                </properties>
                <failure>
                  <message><![CDATA[System.IO.FileNotFoundException : Could not load file or assembly 'Moq, Version=4.9.0.0, Culture=neutral, PublicKeyToken=69f491c39445e920' or one of its dependencies. The system cannot find the file specified.]]></message>
                  <stack-trace><![CDATA[   at ProjectManager.WebApi.Tests.Controller.ParentTaskServiceTest.Setup()]]></stack-trace>
                </failure>
              </test-case>
              <test-case id="0-1023" name="PutParentTask" fullname="ProjectManager.WebApi.Tests.Controller.ParentTaskServiceTest.PutParentTask" methodname="PutParentTask" classname="ProjectManager.WebApi.Tests.Controller.ParentTaskServiceTest" runstate="Runnable" seed="1082793061" result="Failed" label="Error" start-time="2018-09-07 13:51:10Z" end-time="2018-09-07 13:51:10Z" duration="0.001534" asserts="0">
                <properties>
                  <property name="Order" value="4" />
                </properties>
                <failure>
                  <message><![CDATA[System.IO.FileNotFoundException : Could not load file or assembly 'Moq, Version=4.9.0.0, Culture=neutral, PublicKeyToken=69f491c39445e920' or one of its dependencies. The system cannot find the file specified.]]></message>
                  <stack-trace><![CDATA[   at ProjectManager.WebApi.Tests.Controller.ParentTaskServiceTest.Setup()]]></stack-trace>
                </failure>
              </test-case>
              <test-case id="0-1024" name="DeleteParentTask" fullname="ProjectManager.WebApi.Tests.Controller.ParentTaskServiceTest.DeleteParentTask" methodname="DeleteParentTask" classname="ProjectManager.WebApi.Tests.Controller.ParentTaskServiceTest" runstate="Runnable" seed="1236907173" result="Failed" label="Error" start-time="2018-09-07 13:51:10Z" end-time="2018-09-07 13:51:10Z" duration="0.001685" asserts="0">
                <properties>
                  <property name="Order" value="5" />
                </properties>
                <failure>
                  <message><![CDATA[System.IO.FileNotFoundException : Could not load file or assembly 'Moq, Version=4.9.0.0, Culture=neutral, PublicKeyToken=69f491c39445e920' or one of its dependencies. The system cannot find the file specified.]]></message>
                  <stack-trace><![CDATA[   at ProjectManager.WebApi.Tests.Controller.ParentTaskServiceTest.Setup()]]></stack-trace>
                </failure>
              </test-case>
            </test-suite>
            <test-suite type="TestFixture" id="0-1004" name="ProjectServiceTest" fullname="ProjectManager.WebApi.Tests.Controller.ProjectServiceTest" classname="ProjectManager.WebApi.Tests.Controller.ProjectServiceTest" runstate="Runnable" testcasecount="6" result="Failed" site="Child" start-time="2018-09-07 13:51:10Z" end-time="2018-09-07 13:51:10Z" duration="0.008184" total="6" passed="0" failed="6" warnings="0" inconclusive="0" skipped="0" asserts="0">
              <failure>
                <message><![CDATA[One or more child tests had errors]]></message>
              </failure>
              <test-case id="0-1005" name="GetAllProject" fullname="ProjectManager.WebApi.Tests.Controller.ProjectServiceTest.GetAllProject" methodname="GetAllProject" classname="ProjectManager.WebApi.Tests.Controller.ProjectServiceTest" runstate="Runnable" seed="1319304291" result="Failed" label="Error" start-time="2018-09-07 13:51:10Z" end-time="2018-09-07 13:51:10Z" duration="0.001794" asserts="0">
                <properties>
                  <property name="Order" value="1" />
                </properties>
                <failure>
                  <message><![CDATA[System.IO.FileNotFoundException : Could not load file or assembly 'Moq, Version=4.9.0.0, Culture=neutral, PublicKeyToken=69f491c39445e920' or one of its dependencies. The system cannot find the file specified.]]></message>
                  <stack-trace><![CDATA[   at ProjectManager.WebApi.Tests.Controller.ProjectServiceTest.Setup()]]></stack-trace>
                </failure>
              </test-case>
              <test-case id="0-1006" name="PostProject" fullname="ProjectManager.WebApi.Tests.Controller.ProjectServiceTest.PostProject" methodname="PostProject" classname="ProjectManager.WebApi.Tests.Controller.ProjectServiceTest" runstate="Runnable" seed="1604044395" result="Failed" label="Error" start-time="2018-09-07 13:51:10Z" end-time="2018-09-07 13:51:10Z" duration="0.001033" asserts="0">
                <properties>
                  <property name="Order" value="2" />
                </properties>
                <failure>
                  <message><![CDATA[System.IO.FileNotFoundException : Could not load file or assembly 'Moq, Version=4.9.0.0, Culture=neutral, PublicKeyToken=69f491c39445e920' or one of its dependencies. The system cannot find the file specified.]]></message>
                  <stack-trace><![CDATA[   at ProjectManager.WebApi.Tests.Controller.ProjectServiceTest.Setup()]]></stack-trace>
                </failure>
              </test-case>
              <test-case id="0-1008" name="GetProjectByProjectIdNotFound" fullname="ProjectManager.WebApi.Tests.Controller.ProjectServiceTest.GetProjectByProjectIdNotFound" methodname="GetProjectByProjectIdNotFound" classname="ProjectManager.WebApi.Tests.Controller.ProjectServiceTest" runstate="Runnable" seed="736769927" result="Failed" label="Error" start-time="2018-09-07 13:51:10Z" end-time="2018-09-07 13:51:10Z" duration="0.001107" asserts="0">
                <properties>
                  <property name="Order" value="3" />
                </properties>
                <failure>
                  <message><![CDATA[System.IO.FileNotFoundException : Could not load file or assembly 'Moq, Version=4.9.0.0, Culture=neutral, PublicKeyToken=69f491c39445e920' or one of its dependencies. The system cannot find the file specified.]]></message>
                  <stack-trace><![CDATA[   at ProjectManager.WebApi.Tests.Controller.ProjectServiceTest.Setup()]]></stack-trace>
                </failure>
              </test-case>
              <test-case id="0-1007" name="GetProjectByProjectId" fullname="ProjectManager.WebApi.Tests.Controller.ProjectServiceTest.GetProjectByProjectId" methodname="GetProjectByProjectId" classname="ProjectManager.WebApi.Tests.Controller.ProjectServiceTest" runstate="Runnable" seed="2030251880" result="Failed" label="Error" start-time="2018-09-07 13:51:10Z" end-time="2018-09-07 13:51:10Z" duration="0.001031" asserts="0">
                <properties>
                  <property name="Order" value="3" />
                </properties>
                <failure>
                  <message><![CDATA[System.IO.FileNotFoundException : Could not load file or assembly 'Moq, Version=4.9.0.0, Culture=neutral, PublicKeyToken=69f491c39445e920' or one of its dependencies. The system cannot find the file specified.]]></message>
                  <stack-trace><![CDATA[   at ProjectManager.WebApi.Tests.Controller.ProjectServiceTest.Setup()]]></stack-trace>
                </failure>
              </test-case>
              <test-case id="0-1009" name="PutProject" fullname="ProjectManager.WebApi.Tests.Controller.ProjectServiceTest.PutProject" methodname="PutProject" classname="ProjectManager.WebApi.Tests.Controller.ProjectServiceTest" runstate="Runnable" seed="1379932629" result="Failed" label="Error" start-time="2018-09-07 13:51:10Z" end-time="2018-09-07 13:51:10Z" duration="0.000983" asserts="0">
                <properties>
                  <property name="Order" value="4" />
                </properties>
                <failure>
                  <message><![CDATA[System.IO.FileNotFoundException : Could not load file or assembly 'Moq, Version=4.9.0.0, Culture=neutral, PublicKeyToken=69f491c39445e920' or one of its dependencies. The system cannot find the file specified.]]></message>
                  <stack-trace><![CDATA[   at ProjectManager.WebApi.Tests.Controller.ProjectServiceTest.Setup()]]></stack-trace>
                </failure>
              </test-case>
              <test-case id="0-1010" name="DeleteProject" fullname="ProjectManager.WebApi.Tests.Controller.ProjectServiceTest.DeleteProject" methodname="DeleteProject" classname="ProjectManager.WebApi.Tests.Controller.ProjectServiceTest" runstate="Runnable" seed="1442750005" result="Failed" label="Error" start-time="2018-09-07 13:51:10Z" end-time="2018-09-07 13:51:10Z" duration="0.000985" asserts="0">
                <properties>
                  <property name="Order" value="5" />
                </properties>
                <failure>
                  <message><![CDATA[System.IO.FileNotFoundException : Could not load file or assembly 'Moq, Version=4.9.0.0, Culture=neutral, PublicKeyToken=69f491c39445e920' or one of its dependencies. The system cannot find the file specified.]]></message>
                  <stack-trace><![CDATA[   at ProjectManager.WebApi.Tests.Controller.ProjectServiceTest.Setup()]]></stack-trace>
                </failure>
              </test-case>
            </test-suite>
            <test-suite type="TestFixture" id="0-1011" name="TaskServiceTest" fullname="ProjectManager.WebApi.Tests.Controller.TaskServiceTest" classname="ProjectManager.WebApi.Tests.Controller.TaskServiceTest" runstate="Runnable" testcasecount="6" result="Failed" site="Child" start-time="2018-09-07 13:51:10Z" end-time="2018-09-07 13:51:10Z" duration="0.009633" total="6" passed="0" failed="6" warnings="0" inconclusive="0" skipped="0" asserts="0">
              <failure>
                <message><![CDATA[One or more child tests had errors]]></message>
              </failure>
              <test-case id="0-1012" name="GetAllTask" fullname="ProjectManager.WebApi.Tests.Controller.TaskServiceTest.GetAllTask" methodname="GetAllTask" classname="ProjectManager.WebApi.Tests.Controller.TaskServiceTest" runstate="Runnable" seed="60268258" result="Failed" label="Error" start-time="2018-09-07 13:51:10Z" end-time="2018-09-07 13:51:10Z" duration="0.002148" asserts="0">
                <properties>
                  <property name="Order" value="1" />
                </properties>
                <failure>
                  <message><![CDATA[System.IO.FileNotFoundException : Could not load file or assembly 'Moq, Version=4.9.0.0, Culture=neutral, PublicKeyToken=69f491c39445e920' or one of its dependencies. The system cannot find the file specified.]]></message>
                  <stack-trace><![CDATA[   at ProjectManager.WebApi.Tests.Controller.TaskServiceTest.Setup()]]></stack-trace>
                </failure>
              </test-case>
              <test-case id="0-1013" name="PostTask" fullname="ProjectManager.WebApi.Tests.Controller.TaskServiceTest.PostTask" methodname="PostTask" classname="ProjectManager.WebApi.Tests.Controller.TaskServiceTest" runstate="Runnable" seed="1515578543" result="Failed" label="Error" start-time="2018-09-07 13:51:10Z" end-time="2018-09-07 13:51:10Z" duration="0.001640" asserts="0">
                <properties>
                  <property name="Order" value="2" />
                </properties>
                <failure>
                  <message><![CDATA[System.IO.FileNotFoundException : Could not load file or assembly 'Moq, Version=4.9.0.0, Culture=neutral, PublicKeyToken=69f491c39445e920' or one of its dependencies. The system cannot find the file specified.]]></message>
                  <stack-trace><![CDATA[   at ProjectManager.WebApi.Tests.Controller.TaskServiceTest.Setup()]]></stack-trace>
                </failure>
              </test-case>
              <test-case id="0-1014" name="GetTaskByTaskId" fullname="ProjectManager.WebApi.Tests.Controller.TaskServiceTest.GetTaskByTaskId" methodname="GetTaskByTaskId" classname="ProjectManager.WebApi.Tests.Controller.TaskServiceTest" runstate="Runnable" seed="708601108" result="Failed" label="Error" start-time="2018-09-07 13:51:10Z" end-time="2018-09-07 13:51:10Z" duration="0.001305" asserts="0">
                <properties>
                  <property name="Order" value="3" />
                </properties>
                <failure>
                  <message><![CDATA[System.IO.FileNotFoundException : Could not load file or assembly 'Moq, Version=4.9.0.0, Culture=neutral, PublicKeyToken=69f491c39445e920' or one of its dependencies. The system cannot find the file specified.]]></message>
                  <stack-trace><![CDATA[   at ProjectManager.WebApi.Tests.Controller.TaskServiceTest.Setup()]]></stack-trace>
                </failure>
              </test-case>
              <test-case id="0-1015" name="GetTaskByTaskIdNotFound" fullname="ProjectManager.WebApi.Tests.Controller.TaskServiceTest.GetTaskByTaskIdNotFound" methodname="GetTaskByTaskIdNotFound" classname="ProjectManager.WebApi.Tests.Controller.TaskServiceTest" runstate="Runnable" seed="2048005728" result="Failed" label="Error" start-time="2018-09-07 13:51:10Z" end-time="2018-09-07 13:51:10Z" duration="0.001445" asserts="0">
                <properties>
                  <property name="Order" value="4" />
                </properties>
                <failure>
                  <message><![CDATA[System.IO.FileNotFoundException : Could not load file or assembly 'Moq, Version=4.9.0.0, Culture=neutral, PublicKeyToken=69f491c39445e920' or one of its dependencies. The system cannot find the file specified.]]></message>
                  <stack-trace><![CDATA[   at ProjectManager.WebApi.Tests.Controller.TaskServiceTest.Setup()]]></stack-trace>
                </failure>
              </test-case>
              <test-case id="0-1016" name="PutTask" fullname="ProjectManager.WebApi.Tests.Controller.TaskServiceTest.PutTask" methodname="PutTask" classname="ProjectManager.WebApi.Tests.Controller.TaskServiceTest" runstate="Runnable" seed="1664631475" result="Failed" label="Error" start-time="2018-09-07 13:51:10Z" end-time="2018-09-07 13:51:10Z" duration="0.001021" asserts="0">
                <properties>
                  <property name="Order" value="5" />
                </properties>
                <failure>
                  <message><![CDATA[System.IO.FileNotFoundException : Could not load file or assembly 'Moq, Version=4.9.0.0, Culture=neutral, PublicKeyToken=69f491c39445e920' or one of its dependencies. The system cannot find the file specified.]]></message>
                  <stack-trace><![CDATA[   at ProjectManager.WebApi.Tests.Controller.TaskServiceTest.Setup()]]></stack-trace>
                </failure>
              </test-case>
              <test-case id="0-1017" name="DeleteTask" fullname="ProjectManager.WebApi.Tests.Controller.TaskServiceTest.DeleteTask" methodname="DeleteTask" classname="ProjectManager.WebApi.Tests.Controller.TaskServiceTest" runstate="Runnable" seed="434358202" result="Failed" label="Error" start-time="2018-09-07 13:51:10Z" end-time="2018-09-07 13:51:10Z" duration="0.001004" asserts="0">
                <properties>
                  <property name="Order" value="6" />
                </properties>
                <failure>
                  <message><![CDATA[System.IO.FileNotFoundException : Could not load file or assembly 'Moq, Version=4.9.0.0, Culture=neutral, PublicKeyToken=69f491c39445e920' or one of its dependencies. The system cannot find the file specified.]]></message>
                  <stack-trace><![CDATA[   at ProjectManager.WebApi.Tests.Controller.TaskServiceTest.Setup()]]></stack-trace>
                </failure>
              </test-case>
            </test-suite>
            <test-suite type="TestFixture" id="0-1025" name="UserServiceTest" fullname="ProjectManager.WebApi.Tests.Controller.UserServiceTest" classname="ProjectManager.WebApi.Tests.Controller.UserServiceTest" runstate="Runnable" testcasecount="6" result="Failed" site="Child" start-time="2018-09-07 13:51:10Z" end-time="2018-09-07 13:51:10Z" duration="0.008193" total="6" passed="0" failed="6" warnings="0" inconclusive="0" skipped="0" asserts="0">
              <failure>
                <message><![CDATA[One or more child tests had errors]]></message>
              </failure>
              <test-case id="0-1026" name="GetAllUser" fullname="ProjectManager.WebApi.Tests.Controller.UserServiceTest.GetAllUser" methodname="GetAllUser" classname="ProjectManager.WebApi.Tests.Controller.UserServiceTest" runstate="Runnable" seed="1645533901" result="Failed" label="Error" start-time="2018-09-07 13:51:10Z" end-time="2018-09-07 13:51:10Z" duration="0.001329" asserts="0">
                <properties>
                  <property name="Order" value="1" />
                </properties>
                <failure>
                  <message><![CDATA[System.IO.FileNotFoundException : Could not load file or assembly 'Moq, Version=4.9.0.0, Culture=neutral, PublicKeyToken=69f491c39445e920' or one of its dependencies. The system cannot find the file specified.]]></message>
                  <stack-trace><![CDATA[   at ProjectManager.WebApi.Tests.Controller.UserServiceTest.Setup()]]></stack-trace>
                </failure>
              </test-case>
              <test-case id="0-1027" name="PostUser" fullname="ProjectManager.WebApi.Tests.Controller.UserServiceTest.PostUser" methodname="PostUser" classname="ProjectManager.WebApi.Tests.Controller.UserServiceTest" runstate="Runnable" seed="972835143" result="Failed" label="Error" start-time="2018-09-07 13:51:10Z" end-time="2018-09-07 13:51:10Z" duration="0.001048" asserts="0">
                <properties>
                  <property name="Order" value="2" />
                </properties>
                <failure>
                  <message><![CDATA[System.IO.FileNotFoundException : Could not load file or assembly 'Moq, Version=4.9.0.0, Culture=neutral, PublicKeyToken=69f491c39445e920' or one of its dependencies. The system cannot find the file specified.]]></message>
                  <stack-trace><![CDATA[   at ProjectManager.WebApi.Tests.Controller.UserServiceTest.Setup()]]></stack-trace>
                </failure>
              </test-case>
              <test-case id="0-1029" name="GetUserByUserIdNotFound" fullname="ProjectManager.WebApi.Tests.Controller.UserServiceTest.GetUserByUserIdNotFound" methodname="GetUserByUserIdNotFound" classname="ProjectManager.WebApi.Tests.Controller.UserServiceTest" runstate="Runnable" seed="1925667127" result="Failed" label="Error" start-time="2018-09-07 13:51:10Z" end-time="2018-09-07 13:51:10Z" duration="0.000987" asserts="0">
                <properties>
                  <property name="Order" value="3" />
                </properties>
                <failure>
                  <message><![CDATA[System.IO.FileNotFoundException : Could not load file or assembly 'Moq, Version=4.9.0.0, Culture=neutral, PublicKeyToken=69f491c39445e920' or one of its dependencies. The system cannot find the file specified.]]></message>
                  <stack-trace><![CDATA[   at ProjectManager.WebApi.Tests.Controller.UserServiceTest.Setup()]]></stack-trace>
                </failure>
              </test-case>
              <test-case id="0-1028" name="GetUserByUserId" fullname="ProjectManager.WebApi.Tests.Controller.UserServiceTest.GetUserByUserId" methodname="GetUserByUserId" classname="ProjectManager.WebApi.Tests.Controller.UserServiceTest" runstate="Runnable" seed="1876542101" result="Failed" label="Error" start-time="2018-09-07 13:51:10Z" end-time="2018-09-07 13:51:10Z" duration="0.001591" asserts="0">
                <properties>
                  <property name="Order" value="3" />
                </properties>
                <failure>
                  <message><![CDATA[System.IO.FileNotFoundException : Could not load file or assembly 'Moq, Version=4.9.0.0, Culture=neutral, PublicKeyToken=69f491c39445e920' or one of its dependencies. The system cannot find the file specified.]]></message>
                  <stack-trace><![CDATA[   at ProjectManager.WebApi.Tests.Controller.UserServiceTest.Setup()]]></stack-trace>
                </failure>
              </test-case>
              <test-case id="0-1030" name="PutUser" fullname="ProjectManager.WebApi.Tests.Controller.UserServiceTest.PutUser" methodname="PutUser" classname="ProjectManager.WebApi.Tests.Controller.UserServiceTest" runstate="Runnable" seed="1849395446" result="Failed" label="Error" start-time="2018-09-07 13:51:10Z" end-time="2018-09-07 13:51:10Z" duration="0.001739" asserts="0">
                <properties>
                  <property name="Order" value="4" />
                </properties>
                <failure>
                  <message><![CDATA[System.IO.FileNotFoundException : Could not load file or assembly 'Moq, Version=4.9.0.0, Culture=neutral, PublicKeyToken=69f491c39445e920' or one of its dependencies. The system cannot find the file specified.]]></message>
                  <stack-trace><![CDATA[   at ProjectManager.WebApi.Tests.Controller.UserServiceTest.Setup()]]></stack-trace>
                </failure>
              </test-case>
              <test-case id="0-1031" name="DeleteUser" fullname="ProjectManager.WebApi.Tests.Controller.UserServiceTest.DeleteUser" methodname="DeleteUser" classname="ProjectManager.WebApi.Tests.Controller.UserServiceTest" runstate="Runnable" seed="1166929783" result="Failed" label="Error" start-time="2018-09-07 13:51:10Z" end-time="2018-09-07 13:51:10Z" duration="0.001030" asserts="0">
                <properties>
                  <property name="Order" value="5" />
                </properties>
                <failure>
                  <message><![CDATA[System.IO.FileNotFoundException : Could not load file or assembly 'Moq, Version=4.9.0.0, Culture=neutral, PublicKeyToken=69f491c39445e920' or one of its dependencies. The system cannot find the file specified.]]></message>
                  <stack-trace><![CDATA[   at ProjectManager.WebApi.Tests.Controller.UserServiceTest.Setup()]]></stack-trace>
                </failure>
              </test-case>
            </test-suite>
          </test-suite>
          <test-suite type="TestSuite" id="0-1036" name="ServiceHttpResponse" fullname="ProjectManager.WebApi.Tests.ServiceHttpResponse" runstate="Runnable" testcasecount="3" result="Passed" start-time="2018-09-07 13:51:10Z" end-time="2018-09-07 13:51:13Z" duration="3.735254" total="3" passed="3" failed="0" warnings="0" inconclusive="0" skipped="0" asserts="3">
            <test-suite type="TestFixture" id="0-1000" name="HttpResponseTests" fullname="ProjectManager.WebApi.Tests.ServiceHttpResponse.HttpResponseTests" classname="ProjectManager.WebApi.Tests.ServiceHttpResponse.HttpResponseTests" runstate="Runnable" testcasecount="3" result="Passed" start-time="2018-09-07 13:51:10Z" end-time="2018-09-07 13:51:13Z" duration="3.480127" total="3" passed="3" failed="0" warnings="0" inconclusive="0" skipped="0" asserts="3">
              <test-case id="0-1003" name="GetAuthenticationStatus" fullname="ProjectManager.WebApi.Tests.ServiceHttpResponse.HttpResponseTests.GetAuthenticationStatus" methodname="GetAuthenticationStatus" classname="ProjectManager.WebApi.Tests.ServiceHttpResponse.HttpResponseTests" runstate="Runnable" seed="1503887859" result="Passed" start-time="2018-09-07 13:51:10Z" end-time="2018-09-07 13:51:13Z" duration="3.333534" asserts="1" />
              <test-case id="0-1002" name="GetResponseIsJson" fullname="ProjectManager.WebApi.Tests.ServiceHttpResponse.HttpResponseTests.GetResponseIsJson" methodname="GetResponseIsJson" classname="ProjectManager.WebApi.Tests.ServiceHttpResponse.HttpResponseTests" runstate="Runnable" seed="1639787023" result="Passed" start-time="2018-09-07 13:51:13Z" end-time="2018-09-07 13:51:13Z" duration="0.064532" asserts="1" />
              <test-case id="0-1001" name="GetResponseIsSuccess" fullname="ProjectManager.WebApi.Tests.ServiceHttpResponse.HttpResponseTests.GetResponseIsSuccess" methodname="GetResponseIsSuccess" classname="ProjectManager.WebApi.Tests.ServiceHttpResponse.HttpResponseTests" runstate="Runnable" seed="1484992382" result="Passed" start-time="2018-09-07 13:51:13Z" end-time="2018-09-07 13:51:13Z" duration="0.081653" asserts="1" />
            </test-suite>
          </test-suite>
        </test-suite>
      </test-suite>
    </test-suite>
  </test-suite>
</test-run>