<?xml version="1.0" encoding="utf-8" standalone="no"?>
<test-run id="2" testcasecount="31" result="Passed" total="31" passed="31" failed="0" inconclusive="0" skipped="0" asserts="43" engine-version="3.8.0.0" clr-version="4.0.30319.42000" start-time="2018-09-15 17:51:29Z" end-time="2018-09-15 17:52:04Z" duration="34.816313">
  <command-line><![CDATA[C:\Users\Admin\ProjectManager\packages\NUnit.ConsoleRunner.3.8.0\tools\nunit3-console.exe  C:\Users\Admin\ProjectManager\ProjectManager.WebApi.Tests\bin\Debug\ProjectManager.WebApi.Tests.dll]]></command-line>
  <test-suite type="Assembly" id="0-1040" name="ProjectManager.WebApi.Tests.dll" fullname="C:\Users\Admin\ProjectManager\ProjectManager.WebApi.Tests\bin\Debug\ProjectManager.WebApi.Tests.dll" runstate="Runnable" testcasecount="31" result="Passed" start-time="2018-09-15 17:51:34Z" end-time="2018-09-15 17:52:03Z" duration="29.105491" total="31" passed="31" failed="0" warnings="0" inconclusive="0" skipped="0" asserts="43">
    <environment framework-version="3.10.1.0" clr-version="4.0.30319.42000" os-version="Microsoft Windows NT 10.0.17134.0" platform="Win32NT" cwd="C:\Users\Admin\ProjectManager\ProjectManager.WebApi.Tests\bin\Debug" machine-name="DOTNET" user="Admin" user-domain="DOTNET" culture="en-IN" uiculture="en-US" os-architecture="x64" />
    <settings>
      <setting name="DisposeRunners" value="True" />
      <setting name="WorkDirectory" value="C:\Users\Admin\ProjectManager\ProjectManager.WebApi.Tests\bin\Debug" />
      <setting name="ImageRuntimeVersion" value="4.0.30319" />
      <setting name="ImageTargetFrameworkName" value=".NETFramework,Version=v4.5.2" />
      <setting name="ImageRequiresX86" value="False" />
      <setting name="ImageRequiresDefaultAppDomainAssemblyResolver" value="False" />
      <setting name="NumberOfTestWorkers" value="3" />
    </settings>
    <properties>
      <property name="_PID" value="4072" />
      <property name="_APPDOMAIN" value="domain-" />
    </properties>
    <test-suite type="TestSuite" id="0-1041" name="ProjectManager" fullname="ProjectManager" runstate="Runnable" testcasecount="31" result="Passed" start-time="2018-09-15 17:51:34Z" end-time="2018-09-15 17:52:03Z" duration="29.036059" total="31" passed="31" failed="0" warnings="0" inconclusive="0" skipped="0" asserts="43">
      <test-suite type="TestSuite" id="0-1042" name="WebApi" fullname="ProjectManager.WebApi" runstate="Runnable" testcasecount="31" result="Passed" start-time="2018-09-15 17:51:34Z" end-time="2018-09-15 17:52:03Z" duration="29.032647" total="31" passed="31" failed="0" warnings="0" inconclusive="0" skipped="0" asserts="43">
        <test-suite type="TestSuite" id="0-1043" name="Tests" fullname="ProjectManager.WebApi.Tests" runstate="Runnable" testcasecount="31" result="Passed" start-time="2018-09-15 17:51:34Z" end-time="2018-09-15 17:52:03Z" duration="29.032423" total="31" passed="31" failed="0" warnings="0" inconclusive="0" skipped="0" asserts="43">
          <test-suite type="TestSuite" id="0-1046" name="Controller" fullname="ProjectManager.WebApi.Tests.Controller" runstate="Runnable" testcasecount="24" result="Passed" start-time="2018-09-15 17:51:34Z" end-time="2018-09-15 17:51:38Z" duration="3.866930" total="24" passed="24" failed="0" warnings="0" inconclusive="0" skipped="0" asserts="36">
            <test-suite type="TestFixture" id="0-1026" name="ParentTaskServiceTest" fullname="ProjectManager.WebApi.Tests.Controller.ParentTaskServiceTest" classname="ProjectManager.WebApi.Tests.Controller.ParentTaskServiceTest" runstate="Runnable" testcasecount="6" result="Passed" start-time="2018-09-15 17:51:34Z" end-time="2018-09-15 17:51:38Z" duration="3.586578" total="6" passed="6" failed="0" warnings="0" inconclusive="0" skipped="0" asserts="9">
              <test-case id="0-1027" name="GetAllParentTask" fullname="ProjectManager.WebApi.Tests.Controller.ParentTaskServiceTest.GetAllParentTask" methodname="GetAllParentTask" classname="ProjectManager.WebApi.Tests.Controller.ParentTaskServiceTest" runstate="Runnable" seed="1112786767" result="Passed" start-time="2018-09-15 17:51:34Z" end-time="2018-09-15 17:51:38Z" duration="3.442125" asserts="2">
                <properties>
                  <property name="Order" value="1" />
                </properties>
              </test-case>
              <test-case id="0-1028" name="PostParentTask" fullname="ProjectManager.WebApi.Tests.Controller.ParentTaskServiceTest.PostParentTask" methodname="PostParentTask" classname="ProjectManager.WebApi.Tests.Controller.ParentTaskServiceTest" runstate="Runnable" seed="1011345965" result="Passed" start-time="2018-09-15 17:51:38Z" end-time="2018-09-15 17:51:38Z" duration="0.069923" asserts="2">
                <properties>
                  <property name="Order" value="2" />
                </properties>
              </test-case>
              <test-case id="0-1030" name="GetParentTaskByParentTaskIdNotFound" fullname="ProjectManager.WebApi.Tests.Controller.ParentTaskServiceTest.GetParentTaskByParentTaskIdNotFound" methodname="GetParentTaskByParentTaskIdNotFound" classname="ProjectManager.WebApi.Tests.Controller.ParentTaskServiceTest" runstate="Runnable" seed="1641818666" result="Passed" start-time="2018-09-15 17:51:38Z" end-time="2018-09-15 17:51:38Z" duration="0.012740" asserts="1">
                <properties>
                  <property name="Order" value="3" />
                </properties>
              </test-case>
              <test-case id="0-1029" name="GetParentTaskByParentTaskId" fullname="ProjectManager.WebApi.Tests.Controller.ParentTaskServiceTest.GetParentTaskByParentTaskId" methodname="GetParentTaskByParentTaskId" classname="ProjectManager.WebApi.Tests.Controller.ParentTaskServiceTest" runstate="Runnable" seed="1320126992" result="Passed" start-time="2018-09-15 17:51:38Z" end-time="2018-09-15 17:51:38Z" duration="0.005484" asserts="2">
                <properties>
                  <property name="Order" value="3" />
                </properties>
              </test-case>
              <test-case id="0-1031" name="PutParentTask" fullname="ProjectManager.WebApi.Tests.Controller.ParentTaskServiceTest.PutParentTask" methodname="PutParentTask" classname="ProjectManager.WebApi.Tests.Controller.ParentTaskServiceTest" runstate="Runnable" seed="2071545144" result="Passed" start-time="2018-09-15 17:51:38Z" end-time="2018-09-15 17:51:38Z" duration="0.008490" asserts="1">
                <properties>
                  <property name="Order" value="4" />
                </properties>
              </test-case>
              <test-case id="0-1032" name="DeleteParentTask" fullname="ProjectManager.WebApi.Tests.Controller.ParentTaskServiceTest.DeleteParentTask" methodname="DeleteParentTask" classname="ProjectManager.WebApi.Tests.Controller.ParentTaskServiceTest" runstate="Runnable" seed="1183359336" result="Passed" start-time="2018-09-15 17:51:38Z" end-time="2018-09-15 17:51:38Z" duration="0.003916" asserts="1">
                <properties>
                  <property name="Order" value="5" />
                </properties>
              </test-case>
            </test-suite>
            <test-suite type="TestFixture" id="0-1012" name="ProjectServiceTest" fullname="ProjectManager.WebApi.Tests.Controller.ProjectServiceTest" classname="ProjectManager.WebApi.Tests.Controller.ProjectServiceTest" runstate="Runnable" testcasecount="6" result="Passed" start-time="2018-09-15 17:51:38Z" end-time="2018-09-15 17:51:38Z" duration="0.126375" total="6" passed="6" failed="0" warnings="0" inconclusive="0" skipped="0" asserts="9">
              <test-case id="0-1013" name="GetAllProject" fullname="ProjectManager.WebApi.Tests.Controller.ProjectServiceTest.GetAllProject" methodname="GetAllProject" classname="ProjectManager.WebApi.Tests.Controller.ProjectServiceTest" runstate="Runnable" seed="1340967328" result="Passed" start-time="2018-09-15 17:51:38Z" end-time="2018-09-15 17:51:38Z" duration="0.098785" asserts="2">
                <properties>
                  <property name="Order" value="1" />
                </properties>
              </test-case>
              <test-case id="0-1014" name="PostProject" fullname="ProjectManager.WebApi.Tests.Controller.ProjectServiceTest.PostProject" methodname="PostProject" classname="ProjectManager.WebApi.Tests.Controller.ProjectServiceTest" runstate="Runnable" seed="556097385" result="Passed" start-time="2018-09-15 17:51:38Z" end-time="2018-09-15 17:51:38Z" duration="0.007631" asserts="2">
                <properties>
                  <property name="Order" value="2" />
                </properties>
              </test-case>
              <test-case id="0-1016" name="GetProjectByProjectIdNotFound" fullname="ProjectManager.WebApi.Tests.Controller.ProjectServiceTest.GetProjectByProjectIdNotFound" methodname="GetProjectByProjectIdNotFound" classname="ProjectManager.WebApi.Tests.Controller.ProjectServiceTest" runstate="Runnable" seed="679749127" result="Passed" start-time="2018-09-15 17:51:38Z" end-time="2018-09-15 17:51:38Z" duration="0.007671" asserts="1">
                <properties>
                  <property name="Order" value="3" />
                </properties>
              </test-case>
              <test-case id="0-1015" name="GetProjectByProjectId" fullname="ProjectManager.WebApi.Tests.Controller.ProjectServiceTest.GetProjectByProjectId" methodname="GetProjectByProjectId" classname="ProjectManager.WebApi.Tests.Controller.ProjectServiceTest" runstate="Runnable" seed="394011601" result="Passed" start-time="2018-09-15 17:51:38Z" end-time="2018-09-15 17:51:38Z" duration="0.004901" asserts="2">
                <properties>
                  <property name="Order" value="3" />
                </properties>
              </test-case>
              <test-case id="0-1017" name="PutProject" fullname="ProjectManager.WebApi.Tests.Controller.ProjectServiceTest.PutProject" methodname="PutProject" classname="ProjectManager.WebApi.Tests.Controller.ProjectServiceTest" runstate="Runnable" seed="1466258555" result="Passed" start-time="2018-09-15 17:51:38Z" end-time="2018-09-15 17:51:38Z" duration="0.003124" asserts="1">
                <properties>
                  <property name="Order" value="4" />
                </properties>
              </test-case>
              <test-case id="0-1018" name="DeleteProject" fullname="ProjectManager.WebApi.Tests.Controller.ProjectServiceTest.DeleteProject" methodname="DeleteProject" classname="ProjectManager.WebApi.Tests.Controller.ProjectServiceTest" runstate="Runnable" seed="787430003" result="Passed" start-time="2018-09-15 17:51:38Z" end-time="2018-09-15 17:51:38Z" duration="0.003175" asserts="1">
                <properties>
                  <property name="Order" value="5" />
                </properties>
              </test-case>
            </test-suite>
            <test-suite type="TestFixture" id="0-1019" name="TaskServiceTest" fullname="ProjectManager.WebApi.Tests.Controller.TaskServiceTest" classname="ProjectManager.WebApi.Tests.Controller.TaskServiceTest" runstate="Runnable" testcasecount="6" result="Passed" start-time="2018-09-15 17:51:38Z" end-time="2018-09-15 17:51:38Z" duration="0.077111" total="6" passed="6" failed="0" warnings="0" inconclusive="0" skipped="0" asserts="9">
              <test-case id="0-1020" name="GetAllTask" fullname="ProjectManager.WebApi.Tests.Controller.TaskServiceTest.GetAllTask" methodname="GetAllTask" classname="ProjectManager.WebApi.Tests.Controller.TaskServiceTest" runstate="Runnable" seed="1624301428" result="Passed" start-time="2018-09-15 17:51:38Z" end-time="2018-09-15 17:51:38Z" duration="0.039059" asserts="2">
                <properties>
                  <property name="Order" value="1" />
                </properties>
              </test-case>
              <test-case id="0-1021" name="PostTask" fullname="ProjectManager.WebApi.Tests.Controller.TaskServiceTest.PostTask" methodname="PostTask" classname="ProjectManager.WebApi.Tests.Controller.TaskServiceTest" runstate="Runnable" seed="163013680" result="Passed" start-time="2018-09-15 17:51:38Z" end-time="2018-09-15 17:51:38Z" duration="0.020272" asserts="2">
                <properties>
                  <property name="Order" value="2" />
                </properties>
              </test-case>
              <test-case id="0-1022" name="GetTaskByTaskId" fullname="ProjectManager.WebApi.Tests.Controller.TaskServiceTest.GetTaskByTaskId" methodname="GetTaskByTaskId" classname="ProjectManager.WebApi.Tests.Controller.TaskServiceTest" runstate="Runnable" seed="939505407" result="Passed" start-time="2018-09-15 17:51:38Z" end-time="2018-09-15 17:51:38Z" duration="0.006585" asserts="2">
                <properties>
                  <property name="Order" value="3" />
                </properties>
              </test-case>
              <test-case id="0-1023" name="GetTaskByTaskIdNotFound" fullname="ProjectManager.WebApi.Tests.Controller.TaskServiceTest.GetTaskByTaskIdNotFound" methodname="GetTaskByTaskIdNotFound" classname="ProjectManager.WebApi.Tests.Controller.TaskServiceTest" runstate="Runnable" seed="744286411" result="Passed" start-time="2018-09-15 17:51:38Z" end-time="2018-09-15 17:51:38Z" duration="0.004476" asserts="1">
                <properties>
                  <property name="Order" value="4" />
                </properties>
              </test-case>
              <test-case id="0-1024" name="PutTask" fullname="ProjectManager.WebApi.Tests.Controller.TaskServiceTest.PutTask" methodname="PutTask" classname="ProjectManager.WebApi.Tests.Controller.TaskServiceTest" runstate="Runnable" seed="880515848" result="Passed" start-time="2018-09-15 17:51:38Z" end-time="2018-09-15 17:51:38Z" duration="0.003282" asserts="1">
                <properties>
                  <property name="Order" value="5" />
                </properties>
              </test-case>
              <test-case id="0-1025" name="DeleteTask" fullname="ProjectManager.WebApi.Tests.Controller.TaskServiceTest.DeleteTask" methodname="DeleteTask" classname="ProjectManager.WebApi.Tests.Controller.TaskServiceTest" runstate="Runnable" seed="1829019996" result="Passed" start-time="2018-09-15 17:51:38Z" end-time="2018-09-15 17:51:38Z" duration="0.002855" asserts="1">
                <properties>
                  <property name="Order" value="6" />
                </properties>
              </test-case>
            </test-suite>
            <test-suite type="TestFixture" id="0-1033" name="UserServiceTest" fullname="ProjectManager.WebApi.Tests.Controller.UserServiceTest" classname="ProjectManager.WebApi.Tests.Controller.UserServiceTest" runstate="Runnable" testcasecount="6" result="Passed" start-time="2018-09-15 17:51:38Z" end-time="2018-09-15 17:51:38Z" duration="0.062737" total="6" passed="6" failed="0" warnings="0" inconclusive="0" skipped="0" asserts="9">
              <test-case id="0-1034" name="GetAllUser" fullname="ProjectManager.WebApi.Tests.Controller.UserServiceTest.GetAllUser" methodname="GetAllUser" classname="ProjectManager.WebApi.Tests.Controller.UserServiceTest" runstate="Runnable" seed="1188900254" result="Passed" start-time="2018-09-15 17:51:38Z" end-time="2018-09-15 17:51:38Z" duration="0.035435" asserts="2">
                <properties>
                  <property name="Order" value="1" />
                </properties>
              </test-case>
              <test-case id="0-1035" name="PostUser" fullname="ProjectManager.WebApi.Tests.Controller.UserServiceTest.PostUser" methodname="PostUser" classname="ProjectManager.WebApi.Tests.Controller.UserServiceTest" runstate="Runnable" seed="1615907847" result="Passed" start-time="2018-09-15 17:51:38Z" end-time="2018-09-15 17:51:38Z" duration="0.007963" asserts="2">
                <properties>
                  <property name="Order" value="2" />
                </properties>
              </test-case>
              <test-case id="0-1036" name="GetUserByUserId" fullname="ProjectManager.WebApi.Tests.Controller.UserServiceTest.GetUserByUserId" methodname="GetUserByUserId" classname="ProjectManager.WebApi.Tests.Controller.UserServiceTest" runstate="Runnable" seed="1524954159" result="Passed" start-time="2018-09-15 17:51:38Z" end-time="2018-09-15 17:51:38Z" duration="0.006373" asserts="2">
                <properties>
                  <property name="Order" value="3" />
                </properties>
              </test-case>
              <test-case id="0-1037" name="GetUserByUserIdNotFound" fullname="ProjectManager.WebApi.Tests.Controller.UserServiceTest.GetUserByUserIdNotFound" methodname="GetUserByUserIdNotFound" classname="ProjectManager.WebApi.Tests.Controller.UserServiceTest" runstate="Runnable" seed="758102770" result="Passed" start-time="2018-09-15 17:51:38Z" end-time="2018-09-15 17:51:38Z" duration="0.005703" asserts="1">
                <properties>
                  <property name="Order" value="4" />
                </properties>
              </test-case>
              <test-case id="0-1038" name="PutUser" fullname="ProjectManager.WebApi.Tests.Controller.UserServiceTest.PutUser" methodname="PutUser" classname="ProjectManager.WebApi.Tests.Controller.UserServiceTest" runstate="Runnable" seed="87514765" result="Passed" start-time="2018-09-15 17:51:38Z" end-time="2018-09-15 17:51:38Z" duration="0.003665" asserts="1">
                <properties>
                  <property name="Order" value="5" />
                </properties>
              </test-case>
              <test-case id="0-1039" name="DeleteUser" fullname="ProjectManager.WebApi.Tests.Controller.UserServiceTest.DeleteUser" methodname="DeleteUser" classname="ProjectManager.WebApi.Tests.Controller.UserServiceTest" runstate="Runnable" seed="115493011" result="Passed" start-time="2018-09-15 17:51:38Z" end-time="2018-09-15 17:51:38Z" duration="0.003042" asserts="1">
                <properties>
                  <property name="Order" value="6" />
                </properties>
              </test-case>
            </test-suite>
          </test-suite>
          <test-suite type="TestSuite" id="0-1045" name="Repository" fullname="ProjectManager.WebApi.Tests.Repository" runstate="Runnable" testcasecount="4" result="Passed" start-time="2018-09-15 17:51:34Z" end-time="2018-09-15 17:51:42Z" duration="8.035101" total="4" passed="4" failed="0" warnings="0" inconclusive="0" skipped="0" asserts="4">
            <test-suite type="TestFixture" id="0-1006" name="ParentTaskRepositoryTests" fullname="ProjectManager.WebApi.Tests.Repository.ParentTaskRepositoryTests" classname="ProjectManager.WebApi.Tests.Repository.ParentTaskRepositoryTests" runstate="Runnable" testcasecount="1" result="Passed" start-time="2018-09-15 17:51:38Z" end-time="2018-09-15 17:51:42Z" duration="3.701611" total="1" passed="1" failed="0" warnings="0" inconclusive="0" skipped="0" asserts="1">
              <test-case id="0-1007" name="ParentTaskCrud" fullname="ProjectManager.WebApi.Tests.Repository.ParentTaskRepositoryTests.ParentTaskCrud" methodname="ParentTaskCrud" classname="ProjectManager.WebApi.Tests.Repository.ParentTaskRepositoryTests" runstate="Runnable" seed="1490035745" result="Passed" start-time="2018-09-15 17:51:38Z" end-time="2018-09-15 17:51:42Z" duration="3.624964" asserts="1" />
            </test-suite>
            <test-suite type="TestFixture" id="0-1008" name="ProjectRepositoryTests" fullname="ProjectManager.WebApi.Tests.Repository.ProjectRepositoryTests" classname="ProjectManager.WebApi.Tests.Repository.ProjectRepositoryTests" runstate="Runnable" testcasecount="1" result="Passed" start-time="2018-09-15 17:51:42Z" end-time="2018-09-15 17:51:42Z" duration="0.246474" total="1" passed="1" failed="0" warnings="0" inconclusive="0" skipped="0" asserts="1">
              <test-case id="0-1009" name="ProjectCrud" fullname="ProjectManager.WebApi.Tests.Repository.ProjectRepositoryTests.ProjectCrud" methodname="ProjectCrud" classname="ProjectManager.WebApi.Tests.Repository.ProjectRepositoryTests" runstate="Runnable" seed="1800543795" result="Passed" start-time="2018-09-15 17:51:42Z" end-time="2018-09-15 17:51:42Z" duration="0.244851" asserts="1" />
            </test-suite>
            <test-suite type="TestFixture" id="0-1004" name="TaskRepositoryTests" fullname="ProjectManager.WebApi.Tests.Repository.TaskRepositoryTests" classname="ProjectManager.WebApi.Tests.Repository.TaskRepositoryTests" runstate="Runnable" testcasecount="1" result="Passed" start-time="2018-09-15 17:51:42Z" end-time="2018-09-15 17:51:42Z" duration="0.139628" total="1" passed="1" failed="0" warnings="0" inconclusive="0" skipped="0" asserts="1">
              <test-case id="0-1005" name="TaskCrud" fullname="ProjectManager.WebApi.Tests.Repository.TaskRepositoryTests.TaskCrud" methodname="TaskCrud" classname="ProjectManager.WebApi.Tests.Repository.TaskRepositoryTests" runstate="Runnable" seed="1713591849" result="Passed" start-time="2018-09-15 17:51:42Z" end-time="2018-09-15 17:51:42Z" duration="0.138165" asserts="1" />
            </test-suite>
            <test-suite type="TestFixture" id="0-1010" name="UserRepositoryTests" fullname="ProjectManager.WebApi.Tests.Repository.UserRepositoryTests" classname="ProjectManager.WebApi.Tests.Repository.UserRepositoryTests" runstate="Runnable" testcasecount="1" result="Passed" start-time="2018-09-15 17:51:42Z" end-time="2018-09-15 17:51:42Z" duration="0.080884" total="1" passed="1" failed="0" warnings="0" inconclusive="0" skipped="0" asserts="1">
              <test-case id="0-1011" name="UserCrud" fullname="ProjectManager.WebApi.Tests.Repository.UserRepositoryTests.UserCrud" methodname="UserCrud" classname="ProjectManager.WebApi.Tests.Repository.UserRepositoryTests" runstate="Runnable" seed="1034711008" result="Passed" start-time="2018-09-15 17:51:42Z" end-time="2018-09-15 17:51:42Z" duration="0.080024" asserts="1" />
            </test-suite>
          </test-suite>
          <test-suite type="TestSuite" id="0-1044" name="ServiceHttpResponse" fullname="ProjectManager.WebApi.Tests.ServiceHttpResponse" runstate="Runnable" testcasecount="3" result="Passed" start-time="2018-09-15 17:51:34Z" end-time="2018-09-15 17:52:03Z" duration="29.031251" total="3" passed="3" failed="0" warnings="0" inconclusive="0" skipped="0" asserts="3">
            <test-suite type="TestFixture" id="0-1000" name="HttpResponseTests" fullname="ProjectManager.WebApi.Tests.ServiceHttpResponse.HttpResponseTests" classname="ProjectManager.WebApi.Tests.ServiceHttpResponse.HttpResponseTests" runstate="Runnable" testcasecount="3" result="Passed" start-time="2018-09-15 17:51:42Z" end-time="2018-09-15 17:52:03Z" duration="20.992834" total="3" passed="3" failed="0" warnings="0" inconclusive="0" skipped="0" asserts="3">
              <test-case id="0-1003" name="GetAuthenticationStatus" fullname="ProjectManager.WebApi.Tests.ServiceHttpResponse.HttpResponseTests.GetAuthenticationStatus" methodname="GetAuthenticationStatus" classname="ProjectManager.WebApi.Tests.ServiceHttpResponse.HttpResponseTests" runstate="Runnable" seed="1707206804" result="Passed" start-time="2018-09-15 17:51:42Z" end-time="2018-09-15 17:52:03Z" duration="20.934564" asserts="1" />
              <test-case id="0-1002" name="GetResponseIsJson" fullname="ProjectManager.WebApi.Tests.ServiceHttpResponse.HttpResponseTests.GetResponseIsJson" methodname="GetResponseIsJson" classname="ProjectManager.WebApi.Tests.ServiceHttpResponse.HttpResponseTests" runstate="Runnable" seed="1325743753" result="Passed" start-time="2018-09-15 17:52:03Z" end-time="2018-09-15 17:52:03Z" duration="0.039821" asserts="1" />
              <test-case id="0-1001" name="GetResponseIsSuccess" fullname="ProjectManager.WebApi.Tests.ServiceHttpResponse.HttpResponseTests.GetResponseIsSuccess" methodname="GetResponseIsSuccess" classname="ProjectManager.WebApi.Tests.ServiceHttpResponse.HttpResponseTests" runstate="Runnable" seed="320630890" result="Passed" start-time="2018-09-15 17:52:03Z" end-time="2018-09-15 17:52:03Z" duration="0.012481" asserts="1" />
            </test-suite>
          </test-suite>
        </test-suite>
      </test-suite>
    </test-suite>
  </test-suite>
</test-run>